[08:32:30] [Server thread/INFO]: Starting minecraft server version 1.12.2
[08:32:30] [Server thread/INFO]: Loading properties
[08:32:30] [Server thread/INFO]: Default game type: SURVIVAL
[08:32:30] [Server thread/INFO]: Generating keypair
[08:32:30] [Server thread/INFO]: Starting Minecraft server on *:25565
[08:32:30] [Server thread/INFO]: Using default channel type
[08:32:30] [Server thread/INFO]: Preparing level "world"
[08:32:30] [Server thread/INFO]: Loaded 488 advancements
[08:32:31] [Server thread/INFO]: Preparing start region for level 0
[08:32:32] [Server thread/INFO]: Preparing spawn area: 8%
[08:32:33] [Server thread/INFO]: Preparing spawn area: 16%
[08:32:34] [Server thread/INFO]: Preparing spawn area: 23%
[08:32:35] [Server thread/INFO]: Preparing spawn area: 31%
[08:32:36] [Server thread/INFO]: Preparing spawn area: 40%
[08:32:37] [Server thread/INFO]: Preparing spawn area: 52%
[08:32:38] [Server thread/INFO]: Preparing spawn area: 63%
[08:32:39] [Server thread/INFO]: Preparing spawn area: 70%
[08:32:40] [Server thread/INFO]: Preparing spawn area: 77%
[08:32:41] [Server thread/INFO]: Preparing spawn area: 86%
[08:32:42] [Server thread/INFO]: Preparing spawn area: 96%
[08:32:42] [Server thread/INFO]: Done (12.377s)! For help, type "help" or "?"
[08:32:52] [Server thread/INFO]: --- Showing help page 1 of 10 (/help <page>) ---
[08:32:52] [Server thread/INFO]: /advancement <grant|revoke|test> <player>
[08:32:52] [Server thread/INFO]: /ban <name> [reason ...]
[08:32:52] [Server thread/INFO]: /ban-ip <address|name> [reason ...]
[08:32:52] [Server thread/INFO]: /banlist [ips|players]
[08:32:52] [Server thread/INFO]: /blockdata <x> <y> <z> <dataTag>
[08:32:52] [Server thread/INFO]: /clear [player] [item] [data] [maxCount] [dataTag]
[08:32:52] [Server thread/INFO]: /clone <x1> <y1> <z1> <x2> <y2> <z2> <x> <y> <z> [maskMode] [cloneMode]
[08:32:52] [Server thread/INFO]: Tip: Use the <tab> key while typing a command to auto-complete the command or its arguments
[08:33:22] [Server thread/INFO]: --- Showing help page 2 of 10 (/help <page>) ---
[08:33:22] [Server thread/INFO]: /debug <start|stop>
[08:33:22] [Server thread/INFO]: /defaultgamemode <mode>
[08:33:22] [Server thread/INFO]: /deop <player>
[08:33:22] [Server thread/INFO]: /difficulty <new difficulty>
[08:33:22] [Server thread/INFO]: /effect <player> <effect> [seconds] [amplifier] [hideParticles] OR /effect <player> clear
[08:33:22] [Server thread/INFO]: /enchant <player> <enchantment ID> [level]
[08:33:22] [Server thread/INFO]: /entitydata <entity> <dataTag>
[08:33:26] [Server thread/INFO]: --- Showing help page 3 of 10 (/help <page>) ---
[08:33:26] [Server thread/INFO]: /execute <entity> <x> <y> <z> <command> OR /execute <entity> <x> <y> <z> detect <x> <y> <z> <block> <dataValue|-1|state|*> <command>
[08:33:26] [Server thread/INFO]: /fill <x1> <y1> <z1> <x2> <y2> <z2> <block> [dataValue|state] [oldBlockHandling] [dataTag]
[08:33:26] [Server thread/INFO]: /function <name> [if <selector>|unless <selector>]
[08:33:26] [Server thread/INFO]: /gamemode <mode> [player]
[08:33:26] [Server thread/INFO]: /gamerule <rule name> [value]
[08:33:26] [Server thread/INFO]: /give <player> <item> [amount] [data] [dataTag]
[08:33:26] [Server thread/INFO]: /help [page|command name]
[08:33:34] [Server Shutdown Thread/INFO]: Stopping server
